{"/Users/ewan/EscapeRoom/dataStore.js": {"path":"/Users/ewan/EscapeRoom/dataStore.js","statementMap":{"0":{"start":{"line":2,"column":13},"end":{"line":2,"column":28}},"1":{"start":{"line":3,"column":16},"end":{"line":3,"column":44}},"2":{"start":{"line":7,"column":2},"end":{"line":7,"column":40}},"3":{"start":{"line":9,"column":11},"end":{"line":9,"column":77}},"4":{"start":{"line":12,"column":0},"end":{"line":26,"column":3}},"5":{"start":{"line":13,"column":2},"end":{"line":25,"column":5}},"6":{"start":{"line":30,"column":2},"end":{"line":48,"column":5}},"7":{"start":{"line":31,"column":4},"end":{"line":47,"column":7}},"8":{"start":{"line":32,"column":6},"end":{"line":32,"column":34}},"9":{"start":{"line":32,"column":15},"end":{"line":32,"column":34}},"10":{"start":{"line":33,"column":19},"end":{"line":33,"column":21}},"11":{"start":{"line":34,"column":6},"end":{"line":45,"column":9}},"12":{"start":{"line":35,"column":8},"end":{"line":44,"column":10}},"13":{"start":{"line":46,"column":6},"end":{"line":46,"column":20}},"14":{"start":{"line":53,"column":2},"end":{"line":61,"column":5}},"15":{"start":{"line":54,"column":4},"end":{"line":60,"column":6}},"16":{"start":{"line":59,"column":13},"end":{"line":59,"column":42}},"17":{"start":{"line":66,"column":2},"end":{"line":69,"column":5}},"18":{"start":{"line":67,"column":16},"end":{"line":67,"column":69}},"19":{"start":{"line":68,"column":4},"end":{"line":68,"column":73}},"20":{"start":{"line":68,"column":42},"end":{"line":68,"column":71}},"21":{"start":{"line":74,"column":2},"end":{"line":76,"column":5}},"22":{"start":{"line":75,"column":4},"end":{"line":75,"column":39}},"23":{"start":{"line":80,"column":0},"end":{"line":86,"column":2}}},"fnMap":{"0":{"name":"createDb","decl":{"start":{"line":6,"column":9},"end":{"line":6,"column":17}},"loc":{"start":{"line":6,"column":66},"end":{"line":8,"column":1}},"line":6},"1":{"name":"(anonymous_1)","decl":{"start":{"line":12,"column":13},"end":{"line":12,"column":14}},"loc":{"start":{"line":12,"column":19},"end":{"line":26,"column":1}},"line":12},"2":{"name":"getAll","decl":{"start":{"line":29,"column":9},"end":{"line":29,"column":15}},"loc":{"start":{"line":29,"column":18},"end":{"line":49,"column":1}},"line":29},"3":{"name":"(anonymous_3)","decl":{"start":{"line":30,"column":21},"end":{"line":30,"column":22}},"loc":{"start":{"line":30,"column":42},"end":{"line":48,"column":3}},"line":30},"4":{"name":"(anonymous_4)","decl":{"start":{"line":31,"column":37},"end":{"line":31,"column":38}},"loc":{"start":{"line":31,"column":52},"end":{"line":47,"column":5}},"line":31},"5":{"name":"(anonymous_5)","decl":{"start":{"line":34,"column":19},"end":{"line":34,"column":20}},"loc":{"start":{"line":34,"column":24},"end":{"line":45,"column":7}},"line":34},"6":{"name":"addTeam","decl":{"start":{"line":52,"column":9},"end":{"line":52,"column":16}},"loc":{"start":{"line":52,"column":39},"end":{"line":62,"column":1}},"line":52},"7":{"name":"(anonymous_7)","decl":{"start":{"line":53,"column":21},"end":{"line":53,"column":22}},"loc":{"start":{"line":53,"column":42},"end":{"line":61,"column":3}},"line":53},"8":{"name":"(anonymous_8)","decl":{"start":{"line":59,"column":6},"end":{"line":59,"column":7}},"loc":{"start":{"line":59,"column":13},"end":{"line":59,"column":42}},"line":59},"9":{"name":"updateProgress","decl":{"start":{"line":65,"column":9},"end":{"line":65,"column":23}},"loc":{"start":{"line":65,"column":48},"end":{"line":70,"column":1}},"line":65},"10":{"name":"(anonymous_10)","decl":{"start":{"line":66,"column":21},"end":{"line":66,"column":22}},"loc":{"start":{"line":66,"column":42},"end":{"line":69,"column":3}},"line":66},"11":{"name":"(anonymous_11)","decl":{"start":{"line":68,"column":35},"end":{"line":68,"column":36}},"loc":{"start":{"line":68,"column":42},"end":{"line":68,"column":71}},"line":68},"12":{"name":"reloadInto","decl":{"start":{"line":73,"column":9},"end":{"line":73,"column":19}},"loc":{"start":{"line":73,"column":25},"end":{"line":77,"column":1}},"line":73},"13":{"name":"(anonymous_13)","decl":{"start":{"line":74,"column":23},"end":{"line":74,"column":24}},"loc":{"start":{"line":74,"column":31},"end":{"line":76,"column":3}},"line":74}},"branchMap":{"0":{"loc":{"start":{"line":6,"column":18},"end":{"line":6,"column":64}},"type":"default-arg","locations":[{"start":{"line":6,"column":29},"end":{"line":6,"column":64}}],"line":6},"1":{"loc":{"start":{"line":9,"column":20},"end":{"line":9,"column":76}},"type":"cond-expr","locations":[{"start":{"line":9,"column":54},"end":{"line":9,"column":64}},{"start":{"line":9,"column":67},"end":{"line":9,"column":76}}],"line":9},"2":{"loc":{"start":{"line":32,"column":6},"end":{"line":32,"column":34}},"type":"if","locations":[{"start":{"line":32,"column":6},"end":{"line":32,"column":34}},{"start":{},"end":{}}],"line":32},"3":{"loc":{"start":{"line":59,"column":13},"end":{"line":59,"column":42}},"type":"cond-expr","locations":[{"start":{"line":59,"column":19},"end":{"line":59,"column":30}},{"start":{"line":59,"column":33},"end":{"line":59,"column":42}}],"line":59},"4":{"loc":{"start":{"line":68,"column":42},"end":{"line":68,"column":71}},"type":"cond-expr","locations":[{"start":{"line":68,"column":48},"end":{"line":68,"column":59}},{"start":{"line":68,"column":62},"end":{"line":68,"column":71}}],"line":68}},"s":{"0":1,"1":1,"2":1,"3":1,"4":1,"5":1,"6":3,"7":3,"8":3,"9":0,"10":3,"11":3,"12":1,"13":3,"14":2,"15":2,"16":2,"17":0,"18":0,"19":0,"20":0,"21":0,"22":0,"23":1},"f":{"0":1,"1":1,"2":3,"3":3,"4":3,"5":1,"6":2,"7":2,"8":2,"9":0,"10":0,"11":0,"12":0,"13":0},"b":{"0":[0],"1":[1,0],"2":[0,3],"3":[0,2],"4":[0,0]},"_coverageSchema":"1a1c01bbd47fc00a2c39e90264f33305004495a9","hash":"3eec78ac20af0573af99c9225ab430aff03c904f"}
,"/Users/ewan/EscapeRoom/index.js": {"path":"/Users/ewan/EscapeRoom/index.js","statementMap":{"0":{"start":{"line":2,"column":16},"end":{"line":2,"column":34}},"1":{"start":{"line":3,"column":12},"end":{"line":3,"column":21}},"2":{"start":{"line":4,"column":13},"end":{"line":4,"column":28}},"3":{"start":{"line":5,"column":11},"end":{"line":5,"column":24}},"4":{"start":{"line":6,"column":16},"end":{"line":6,"column":42}},"5":{"start":{"line":7,"column":13},"end":{"line":7,"column":33}},"6":{"start":{"line":8,"column":20},"end":{"line":8,"column":55}},"7":{"start":{"line":9,"column":20},"end":{"line":12,"column":2}},"8":{"start":{"line":14,"column":0},"end":{"line":22,"column":4}},"9":{"start":{"line":24,"column":0},"end":{"line":24,"column":37}},"10":{"start":{"line":26,"column":23},"end":{"line":26,"column":38}},"11":{"start":{"line":27,"column":15},"end":{"line":27,"column":32}},"12":{"start":{"line":28,"column":18},"end":{"line":28,"column":40}},"13":{"start":{"line":30,"column":19},"end":{"line":30,"column":60}},"14":{"start":{"line":32,"column":0},"end":{"line":36,"column":3}},"15":{"start":{"line":33,"column":2},"end":{"line":33,"column":37}},"16":{"start":{"line":34,"column":2},"end":{"line":34,"column":33}},"17":{"start":{"line":35,"column":2},"end":{"line":35,"column":32}},"18":{"start":{"line":38,"column":0},"end":{"line":40,"column":1}},"19":{"start":{"line":39,"column":2},"end":{"line":39,"column":48}},"20":{"start":{"line":42,"column":0},"end":{"line":42,"column":91}},"21":{"start":{"line":43,"column":0},"end":{"line":43,"column":24}},"22":{"start":{"line":44,"column":0},"end":{"line":44,"column":48}},"23":{"start":{"line":45,"column":0},"end":{"line":45,"column":56}},"24":{"start":{"line":46,"column":0},"end":{"line":46,"column":76}},"25":{"start":{"line":48,"column":0},"end":{"line":51,"column":3}},"26":{"start":{"line":49,"column":2},"end":{"line":49,"column":57}},"27":{"start":{"line":49,"column":27},"end":{"line":49,"column":57}},"28":{"start":{"line":50,"column":2},"end":{"line":50,"column":9}},"29":{"start":{"line":53,"column":16},"end":{"line":59,"column":2}},"30":{"start":{"line":56,"column":16},"end":{"line":56,"column":47}},"31":{"start":{"line":57,"column":4},"end":{"line":57,"column":29}},"32":{"start":{"line":61,"column":15},"end":{"line":71,"column":2}},"33":{"start":{"line":65,"column":20},"end":{"line":65,"column":60}},"34":{"start":{"line":66,"column":4},"end":{"line":68,"column":5}},"35":{"start":{"line":67,"column":6},"end":{"line":67,"column":68}},"36":{"start":{"line":69,"column":4},"end":{"line":69,"column":19}},"37":{"start":{"line":73,"column":0},"end":{"line":76,"column":3}},"38":{"start":{"line":74,"column":2},"end":{"line":74,"column":22}},"39":{"start":{"line":75,"column":2},"end":{"line":75,"column":9}},"40":{"start":{"line":78,"column":0},"end":{"line":88,"column":3}},"41":{"start":{"line":79,"column":2},"end":{"line":87,"column":5}},"42":{"start":{"line":80,"column":4},"end":{"line":86,"column":6}},"43":{"start":{"line":83,"column":8},"end":{"line":84,"column":64}},"44":{"start":{"line":83,"column":17},"end":{"line":83,"column":65}},"45":{"start":{"line":84,"column":13},"end":{"line":84,"column":64}},"46":{"start":{"line":90,"column":0},"end":{"line":101,"column":3}},"47":{"start":{"line":91,"column":13},"end":{"line":91,"column":38}},"48":{"start":{"line":92,"column":2},"end":{"line":100,"column":4}},"49":{"start":{"line":97,"column":6},"end":{"line":98,"column":65}},"50":{"start":{"line":97,"column":15},"end":{"line":97,"column":74}},"51":{"start":{"line":98,"column":11},"end":{"line":98,"column":65}},"52":{"start":{"line":103,"column":0},"end":{"line":118,"column":3}},"53":{"start":{"line":104,"column":15},"end":{"line":104,"column":39}},"54":{"start":{"line":105,"column":15},"end":{"line":108,"column":21}},"55":{"start":{"line":106,"column":14},"end":{"line":106,"column":60}},"56":{"start":{"line":107,"column":4},"end":{"line":107,"column":21}},"57":{"start":{"line":110,"column":2},"end":{"line":117,"column":5}},"58":{"start":{"line":111,"column":4},"end":{"line":111,"column":39}},"59":{"start":{"line":111,"column":13},"end":{"line":111,"column":39}},"60":{"start":{"line":112,"column":4},"end":{"line":116,"column":5}},"61":{"start":{"line":113,"column":6},"end":{"line":115,"column":7}},"62":{"start":{"line":114,"column":8},"end":{"line":114,"column":57}},"63":{"start":{"line":121,"column":19},"end":{"line":121,"column":49}},"64":{"start":{"line":122,"column":20},"end":{"line":122,"column":51}},"65":{"start":{"line":125,"column":0},"end":{"line":125,"column":25}},"66":{"start":{"line":126,"column":0},"end":{"line":126,"column":31}},"67":{"start":{"line":128,"column":0},"end":{"line":128,"column":21}}},"fnMap":{"0":{"name":"(anonymous_0)","decl":{"start":{"line":32,"column":24},"end":{"line":32,"column":25}},"loc":{"start":{"line":32,"column":32},"end":{"line":36,"column":1}},"line":32},"1":{"name":"(anonymous_1)","decl":{"start":{"line":48,"column":8},"end":{"line":48,"column":9}},"loc":{"start":{"line":48,"column":28},"end":{"line":51,"column":1}},"line":48},"2":{"name":"(anonymous_2)","decl":{"start":{"line":55,"column":12},"end":{"line":55,"column":13}},"loc":{"start":{"line":55,"column":31},"end":{"line":58,"column":3}},"line":55},"3":{"name":"(anonymous_3)","decl":{"start":{"line":64,"column":14},"end":{"line":64,"column":15}},"loc":{"start":{"line":64,"column":33},"end":{"line":70,"column":3}},"line":64},"4":{"name":"(anonymous_4)","decl":{"start":{"line":73,"column":8},"end":{"line":73,"column":9}},"loc":{"start":{"line":73,"column":28},"end":{"line":76,"column":1}},"line":73},"5":{"name":"(anonymous_5)","decl":{"start":{"line":78,"column":27},"end":{"line":78,"column":28}},"loc":{"start":{"line":78,"column":33},"end":{"line":88,"column":1}},"line":78},"6":{"name":"(anonymous_6)","decl":{"start":{"line":79,"column":27},"end":{"line":79,"column":28}},"loc":{"start":{"line":79,"column":33},"end":{"line":87,"column":3}},"line":79},"7":{"name":"(anonymous_7)","decl":{"start":{"line":82,"column":6},"end":{"line":82,"column":7}},"loc":{"start":{"line":82,"column":13},"end":{"line":85,"column":7}},"line":82},"8":{"name":"(anonymous_8)","decl":{"start":{"line":90,"column":27},"end":{"line":90,"column":28}},"loc":{"start":{"line":90,"column":33},"end":{"line":101,"column":1}},"line":90},"9":{"name":"(anonymous_9)","decl":{"start":{"line":96,"column":4},"end":{"line":96,"column":5}},"loc":{"start":{"line":96,"column":11},"end":{"line":99,"column":5}},"line":96},"10":{"name":"(anonymous_10)","decl":{"start":{"line":103,"column":27},"end":{"line":103,"column":28}},"loc":{"start":{"line":103,"column":39},"end":{"line":118,"column":1}},"line":103},"11":{"name":"(anonymous_11)","decl":{"start":{"line":105,"column":47},"end":{"line":105,"column":48}},"loc":{"start":{"line":105,"column":52},"end":{"line":108,"column":3}},"line":105},"12":{"name":"(anonymous_12)","decl":{"start":{"line":110,"column":25},"end":{"line":110,"column":26}},"loc":{"start":{"line":110,"column":41},"end":{"line":117,"column":3}},"line":110},"13":{"name":"(anonymous_13)","decl":{"start":{"line":114,"column":47},"end":{"line":114,"column":48}},"loc":{"start":{"line":114,"column":53},"end":{"line":114,"column":55}},"line":114}},"branchMap":{"0":{"loc":{"start":{"line":16,"column":10},"end":{"line":16,"column":52}},"type":"binary-expr","locations":[{"start":{"line":16,"column":10},"end":{"line":16,"column":36}},{"start":{"line":16,"column":40},"end":{"line":16,"column":52}}],"line":16},"1":{"loc":{"start":{"line":38,"column":0},"end":{"line":40,"column":1}},"type":"if","locations":[{"start":{"line":38,"column":0},"end":{"line":40,"column":1}},{"start":{},"end":{}}],"line":38},"2":{"loc":{"start":{"line":49,"column":2},"end":{"line":49,"column":57}},"type":"if","locations":[{"start":{"line":49,"column":2},"end":{"line":49,"column":57}},{"start":{},"end":{}}],"line":49},"3":{"loc":{"start":{"line":66,"column":4},"end":{"line":68,"column":5}},"type":"if","locations":[{"start":{"line":66,"column":4},"end":{"line":68,"column":5}},{"start":{},"end":{}}],"line":66},"4":{"loc":{"start":{"line":83,"column":8},"end":{"line":84,"column":64}},"type":"if","locations":[{"start":{"line":83,"column":8},"end":{"line":84,"column":64}},{"start":{"line":84,"column":13},"end":{"line":84,"column":64}}],"line":83},"5":{"loc":{"start":{"line":97,"column":6},"end":{"line":98,"column":65}},"type":"if","locations":[{"start":{"line":97,"column":6},"end":{"line":98,"column":65}},{"start":{"line":98,"column":11},"end":{"line":98,"column":65}}],"line":97},"6":{"loc":{"start":{"line":106,"column":14},"end":{"line":106,"column":60}},"type":"binary-expr","locations":[{"start":{"line":106,"column":14},"end":{"line":106,"column":22}},{"start":{"line":106,"column":26},"end":{"line":106,"column":60}}],"line":106},"7":{"loc":{"start":{"line":107,"column":11},"end":{"line":107,"column":20}},"type":"binary-expr","locations":[{"start":{"line":107,"column":11},"end":{"line":107,"column":12}},{"start":{"line":107,"column":16},"end":{"line":107,"column":20}}],"line":107},"8":{"loc":{"start":{"line":111,"column":4},"end":{"line":111,"column":39}},"type":"if","locations":[{"start":{"line":111,"column":4},"end":{"line":111,"column":39}},{"start":{},"end":{}}],"line":111},"9":{"loc":{"start":{"line":113,"column":6},"end":{"line":115,"column":7}},"type":"if","locations":[{"start":{"line":113,"column":6},"end":{"line":115,"column":7}},{"start":{},"end":{}}],"line":113}},"s":{"0":1,"1":1,"2":1,"3":1,"4":1,"5":1,"6":1,"7":1,"8":1,"9":1,"10":1,"11":1,"12":1,"13":1,"14":1,"15":1,"16":1,"17":1,"18":1,"19":0,"20":1,"21":1,"22":1,"23":1,"24":1,"25":1,"26":7,"27":5,"28":7,"29":1,"30":1,"31":1,"32":1,"33":1,"34":1,"35":0,"36":1,"37":1,"38":7,"39":7,"40":1,"41":0,"42":0,"43":0,"44":0,"45":0,"46":1,"47":0,"48":0,"49":0,"50":0,"51":0,"52":1,"53":0,"54":0,"55":0,"56":0,"57":0,"58":0,"59":0,"60":0,"61":0,"62":0,"63":1,"64":1,"65":1,"66":1,"67":1},"f":{"0":1,"1":7,"2":1,"3":1,"4":7,"5":0,"6":0,"7":0,"8":0,"9":0,"10":0,"11":0,"12":0,"13":0},"b":{"0":[1,1],"1":[0,1],"2":[5,2],"3":[0,1],"4":[0,0],"5":[0,0],"6":[0,0],"7":[0,0],"8":[0,0],"9":[0,0]},"_coverageSchema":"1a1c01bbd47fc00a2c39e90264f33305004495a9","hash":"11ac569f3ae4abc30e72d9e950420267d8a20d37"}
,"/Users/ewan/EscapeRoom/routes/adminRoutes.js": {"path":"/Users/ewan/EscapeRoom/routes/adminRoutes.js","statementMap":{"0":{"start":{"line":2,"column":16},"end":{"line":2,"column":34}},"1":{"start":{"line":3,"column":13},"end":{"line":3,"column":28}},"2":{"start":{"line":5,"column":15},"end":{"line":5,"column":31}},"3":{"start":{"line":8,"column":2},"end":{"line":8,"column":41}},"4":{"start":{"line":8,"column":27},"end":{"line":8,"column":41}},"5":{"start":{"line":10,"column":2},"end":{"line":10,"column":29}},"6":{"start":{"line":13,"column":0},"end":{"line":15,"column":3}},"7":{"start":{"line":14,"column":2},"end":{"line":14,"column":60}},"8":{"start":{"line":17,"column":0},"end":{"line":23,"column":3}},"9":{"start":{"line":18,"column":2},"end":{"line":21,"column":3}},"10":{"start":{"line":19,"column":4},"end":{"line":19,"column":31}},"11":{"start":{"line":20,"column":4},"end":{"line":20,"column":34}},"12":{"start":{"line":22,"column":2},"end":{"line":22,"column":49}},"13":{"start":{"line":25,"column":0},"end":{"line":27,"column":3}},"14":{"start":{"line":26,"column":2},"end":{"line":26,"column":60}},"15":{"start":{"line":29,"column":0},"end":{"line":33,"column":3}},"16":{"start":{"line":30,"column":2},"end":{"line":30,"column":36}},"17":{"start":{"line":31,"column":2},"end":{"line":31,"column":59}},"18":{"start":{"line":32,"column":2},"end":{"line":32,"column":30}},"19":{"start":{"line":35,"column":0},"end":{"line":39,"column":3}},"20":{"start":{"line":36,"column":2},"end":{"line":36,"column":39}},"21":{"start":{"line":37,"column":2},"end":{"line":37,"column":37}},"22":{"start":{"line":38,"column":2},"end":{"line":38,"column":30}},"23":{"start":{"line":41,"column":0},"end":{"line":45,"column":3}},"24":{"start":{"line":42,"column":15},"end":{"line":42,"column":52}},"25":{"start":{"line":44,"column":2},"end":{"line":44,"column":32}},"26":{"start":{"line":47,"column":0},"end":{"line":49,"column":5}},"27":{"start":{"line":48,"column":4},"end":{"line":48,"column":49}},"28":{"start":{"line":51,"column":0},"end":{"line":51,"column":24}}},"fnMap":{"0":{"name":"requireAdmin","decl":{"start":{"line":7,"column":9},"end":{"line":7,"column":21}},"loc":{"start":{"line":7,"column":38},"end":{"line":11,"column":1}},"line":7},"1":{"name":"(anonymous_1)","decl":{"start":{"line":13,"column":21},"end":{"line":13,"column":22}},"loc":{"start":{"line":13,"column":35},"end":{"line":15,"column":1}},"line":13},"2":{"name":"(anonymous_2)","decl":{"start":{"line":17,"column":22},"end":{"line":17,"column":23}},"loc":{"start":{"line":17,"column":36},"end":{"line":23,"column":1}},"line":17},"3":{"name":"(anonymous_3)","decl":{"start":{"line":25,"column":30},"end":{"line":25,"column":31}},"loc":{"start":{"line":25,"column":44},"end":{"line":27,"column":1}},"line":25},"4":{"name":"(anonymous_4)","decl":{"start":{"line":29,"column":36},"end":{"line":29,"column":37}},"loc":{"start":{"line":29,"column":50},"end":{"line":33,"column":1}},"line":29},"5":{"name":"(anonymous_5)","decl":{"start":{"line":35,"column":36},"end":{"line":35,"column":37}},"loc":{"start":{"line":35,"column":50},"end":{"line":39,"column":1}},"line":35},"6":{"name":"(anonymous_6)","decl":{"start":{"line":41,"column":42},"end":{"line":41,"column":43}},"loc":{"start":{"line":41,"column":56},"end":{"line":45,"column":1}},"line":41},"7":{"name":"(anonymous_7)","decl":{"start":{"line":47,"column":27},"end":{"line":47,"column":28}},"loc":{"start":{"line":47,"column":41},"end":{"line":49,"column":3}},"line":47}},"branchMap":{"0":{"loc":{"start":{"line":8,"column":2},"end":{"line":8,"column":41}},"type":"if","locations":[{"start":{"line":8,"column":2},"end":{"line":8,"column":41}},{"start":{},"end":{}}],"line":8},"1":{"loc":{"start":{"line":18,"column":2},"end":{"line":21,"column":3}},"type":"if","locations":[{"start":{"line":18,"column":2},"end":{"line":21,"column":3}},{"start":{},"end":{}}],"line":18},"2":{"loc":{"start":{"line":42,"column":15},"end":{"line":42,"column":52}},"type":"binary-expr","locations":[{"start":{"line":42,"column":15},"end":{"line":42,"column":46}},{"start":{"line":42,"column":50},"end":{"line":42,"column":52}}],"line":42}},"s":{"0":1,"1":1,"2":1,"3":3,"4":2,"5":1,"6":1,"7":0,"8":1,"9":2,"10":2,"11":2,"12":0,"13":1,"14":1,"15":1,"16":0,"17":0,"18":0,"19":1,"20":0,"21":0,"22":0,"23":1,"24":1,"25":1,"26":1,"27":0,"28":1},"f":{"0":3,"1":0,"2":2,"3":1,"4":0,"5":0,"6":1,"7":0},"b":{"0":[2,1],"1":[2,0],"2":[1,0]},"_coverageSchema":"1a1c01bbd47fc00a2c39e90264f33305004495a9","hash":"1ddfc982cc6aa5abecddc7cc18e360191d767a93"}
,"/Users/ewan/EscapeRoom/routes/gameRoutes.js": {"path":"/Users/ewan/EscapeRoom/routes/gameRoutes.js","statementMap":{"0":{"start":{"line":2,"column":16},"end":{"line":2,"column":34}},"1":{"start":{"line":3,"column":13},"end":{"line":3,"column":28}},"2":{"start":{"line":4,"column":18},"end":{"line":4,"column":41}},"3":{"start":{"line":5,"column":35},"end":{"line":5,"column":63}},"4":{"start":{"line":7,"column":15},"end":{"line":7,"column":31}},"5":{"start":{"line":10,"column":2},"end":{"line":17,"column":4}},"6":{"start":{"line":11,"column":17},"end":{"line":11,"column":37}},"7":{"start":{"line":12,"column":17},"end":{"line":12,"column":62}},"8":{"start":{"line":13,"column":4},"end":{"line":15,"column":5}},"9":{"start":{"line":14,"column":6},"end":{"line":14,"column":20}},"10":{"start":{"line":16,"column":4},"end":{"line":16,"column":29}},"11":{"start":{"line":20,"column":0},"end":{"line":22,"column":3}},"12":{"start":{"line":21,"column":2},"end":{"line":21,"column":59}},"13":{"start":{"line":24,"column":0},"end":{"line":26,"column":3}},"14":{"start":{"line":25,"column":2},"end":{"line":25,"column":62}},"15":{"start":{"line":28,"column":0},"end":{"line":30,"column":3}},"16":{"start":{"line":29,"column":2},"end":{"line":29,"column":62}},"17":{"start":{"line":32,"column":0},"end":{"line":84,"column":2}},"18":{"start":{"line":35,"column":17},"end":{"line":35,"column":50}},"19":{"start":{"line":36,"column":6},"end":{"line":43,"column":7}},"20":{"start":{"line":37,"column":8},"end":{"line":40,"column":11}},"21":{"start":{"line":38,"column":10},"end":{"line":38,"column":60}},"22":{"start":{"line":38,"column":19},"end":{"line":38,"column":60}},"23":{"start":{"line":39,"column":10},"end":{"line":39,"column":17}},"24":{"start":{"line":42,"column":8},"end":{"line":42,"column":15}},"25":{"start":{"line":51,"column":20},"end":{"line":51,"column":44}},"26":{"start":{"line":52,"column":8},"end":{"line":52,"column":57}},"27":{"start":{"line":52,"column":23},"end":{"line":52,"column":57}},"28":{"start":{"line":53,"column":8},"end":{"line":53,"column":20}},"29":{"start":{"line":57,"column":21},"end":{"line":57,"column":42}},"30":{"start":{"line":58,"column":6},"end":{"line":60,"column":7}},"31":{"start":{"line":59,"column":8},"end":{"line":59,"column":64}},"32":{"start":{"line":62,"column":27},"end":{"line":62,"column":35}},"33":{"start":{"line":63,"column":24},"end":{"line":63,"column":73}},"34":{"start":{"line":64,"column":6},"end":{"line":82,"column":5}},"35":{"start":{"line":65,"column":8},"end":{"line":65,"column":65}},"36":{"start":{"line":67,"column":8},"end":{"line":67,"column":80}},"37":{"start":{"line":68,"column":8},"end":{"line":77,"column":10}},"38":{"start":{"line":78,"column":8},"end":{"line":78,"column":40}},"39":{"start":{"line":79,"column":8},"end":{"line":79,"column":40}},"40":{"start":{"line":81,"column":8},"end":{"line":81,"column":18}},"41":{"start":{"line":86,"column":0},"end":{"line":88,"column":3}},"42":{"start":{"line":87,"column":2},"end":{"line":87,"column":62}},"43":{"start":{"line":89,"column":0},"end":{"line":91,"column":3}},"44":{"start":{"line":90,"column":2},"end":{"line":90,"column":62}},"45":{"start":{"line":92,"column":0},"end":{"line":94,"column":3}},"46":{"start":{"line":93,"column":2},"end":{"line":93,"column":62}},"47":{"start":{"line":96,"column":0},"end":{"line":108,"column":3}},"48":{"start":{"line":97,"column":16},"end":{"line":97,"column":33}},"49":{"start":{"line":98,"column":19},"end":{"line":98,"column":39}},"50":{"start":{"line":99,"column":16},"end":{"line":99,"column":66}},"51":{"start":{"line":100,"column":2},"end":{"line":100,"column":57}},"52":{"start":{"line":101,"column":2},"end":{"line":101,"column":38}},"53":{"start":{"line":102,"column":13},"end":{"line":102,"column":30}},"54":{"start":{"line":103,"column":4},"end":{"line":105,"column":5}},"55":{"start":{"line":104,"column":6},"end":{"line":104,"column":65}},"56":{"start":{"line":106,"column":0},"end":{"line":106,"column":28}},"57":{"start":{"line":107,"column":2},"end":{"line":107,"column":30}},"58":{"start":{"line":110,"column":0},"end":{"line":136,"column":3}},"59":{"start":{"line":111,"column":29},"end":{"line":111,"column":37}},"60":{"start":{"line":112,"column":15},"end":{"line":112,"column":35}},"61":{"start":{"line":114,"column":2},"end":{"line":116,"column":3}},"62":{"start":{"line":115,"column":4},"end":{"line":115,"column":63}},"63":{"start":{"line":118,"column":25},"end":{"line":122,"column":3}},"64":{"start":{"line":124,"column":2},"end":{"line":135,"column":3}},"65":{"start":{"line":125,"column":18},"end":{"line":125,"column":69}},"66":{"start":{"line":126,"column":4},"end":{"line":126,"column":56}},"67":{"start":{"line":127,"column":4},"end":{"line":127,"column":40}},"68":{"start":{"line":129,"column":15},"end":{"line":129,"column":32}},"69":{"start":{"line":130,"column":4},"end":{"line":130,"column":60}},"70":{"start":{"line":130,"column":12},"end":{"line":130,"column":60}},"71":{"start":{"line":132,"column":4},"end":{"line":132,"column":39}},"72":{"start":{"line":134,"column":4},"end":{"line":134,"column":69}},"73":{"start":{"line":138,"column":0},"end":{"line":142,"column":3}},"74":{"start":{"line":139,"column":22},"end":{"line":139,"column":48}},"75":{"start":{"line":140,"column":19},"end":{"line":140,"column":77}},"76":{"start":{"line":141,"column":2},"end":{"line":141,"column":66}},"77":{"start":{"line":144,"column":0},"end":{"line":149,"column":3}},"78":{"start":{"line":145,"column":19},"end":{"line":145,"column":39}},"79":{"start":{"line":146,"column":19},"end":{"line":146,"column":62}},"80":{"start":{"line":147,"column":2},"end":{"line":147,"column":69}},"81":{"start":{"line":147,"column":17},"end":{"line":147,"column":69}},"82":{"start":{"line":148,"column":2},"end":{"line":148,"column":61}},"83":{"start":{"line":151,"column":0},"end":{"line":151,"column":24}}},"fnMap":{"0":{"name":"requireProgress","decl":{"start":{"line":9,"column":9},"end":{"line":9,"column":24}},"loc":{"start":{"line":9,"column":39},"end":{"line":18,"column":1}},"line":9},"1":{"name":"(anonymous_1)","decl":{"start":{"line":10,"column":9},"end":{"line":10,"column":10}},"loc":{"start":{"line":10,"column":29},"end":{"line":17,"column":3}},"line":10},"2":{"name":"(anonymous_2)","decl":{"start":{"line":20,"column":27},"end":{"line":20,"column":28}},"loc":{"start":{"line":20,"column":41},"end":{"line":22,"column":1}},"line":20},"3":{"name":"(anonymous_3)","decl":{"start":{"line":24,"column":23},"end":{"line":24,"column":24}},"loc":{"start":{"line":24,"column":37},"end":{"line":26,"column":1}},"line":24},"4":{"name":"(anonymous_4)","decl":{"start":{"line":28,"column":23},"end":{"line":28,"column":24}},"loc":{"start":{"line":28,"column":37},"end":{"line":30,"column":1}},"line":28},"5":{"name":"(anonymous_5)","decl":{"start":{"line":34,"column":4},"end":{"line":34,"column":5}},"loc":{"start":{"line":34,"column":30},"end":{"line":44,"column":5}},"line":34},"6":{"name":"(anonymous_6)","decl":{"start":{"line":37,"column":50},"end":{"line":37,"column":51}},"loc":{"start":{"line":37,"column":57},"end":{"line":40,"column":9}},"line":37},"7":{"name":"(anonymous_7)","decl":{"start":{"line":50,"column":14},"end":{"line":50,"column":15}},"loc":{"start":{"line":50,"column":28},"end":{"line":54,"column":7}},"line":50},"8":{"name":"(anonymous_8)","decl":{"start":{"line":56,"column":4},"end":{"line":56,"column":5}},"loc":{"start":{"line":56,"column":24},"end":{"line":83,"column":3}},"line":56},"9":{"name":"(anonymous_9)","decl":{"start":{"line":86,"column":43},"end":{"line":86,"column":44}},"loc":{"start":{"line":86,"column":57},"end":{"line":88,"column":1}},"line":86},"10":{"name":"(anonymous_10)","decl":{"start":{"line":89,"column":43},"end":{"line":89,"column":44}},"loc":{"start":{"line":89,"column":57},"end":{"line":91,"column":1}},"line":89},"11":{"name":"(anonymous_11)","decl":{"start":{"line":92,"column":43},"end":{"line":92,"column":44}},"loc":{"start":{"line":92,"column":57},"end":{"line":94,"column":1}},"line":92},"12":{"name":"(anonymous_12)","decl":{"start":{"line":96,"column":33},"end":{"line":96,"column":34}},"loc":{"start":{"line":96,"column":53},"end":{"line":108,"column":1}},"line":96},"13":{"name":"(anonymous_13)","decl":{"start":{"line":110,"column":30},"end":{"line":110,"column":31}},"loc":{"start":{"line":110,"column":50},"end":{"line":136,"column":1}},"line":110},"14":{"name":"(anonymous_14)","decl":{"start":{"line":138,"column":26},"end":{"line":138,"column":27}},"loc":{"start":{"line":138,"column":40},"end":{"line":142,"column":1}},"line":138},"15":{"name":"(anonymous_15)","decl":{"start":{"line":144,"column":22},"end":{"line":144,"column":23}},"loc":{"start":{"line":144,"column":36},"end":{"line":149,"column":1}},"line":144}},"branchMap":{"0":{"loc":{"start":{"line":12,"column":17},"end":{"line":12,"column":62}},"type":"binary-expr","locations":[{"start":{"line":12,"column":17},"end":{"line":12,"column":56}},{"start":{"line":12,"column":60},"end":{"line":12,"column":62}}],"line":12},"1":{"loc":{"start":{"line":13,"column":4},"end":{"line":15,"column":5}},"type":"if","locations":[{"start":{"line":13,"column":4},"end":{"line":15,"column":5}},{"start":{},"end":{}}],"line":13},"2":{"loc":{"start":{"line":13,"column":8},"end":{"line":13,"column":63}},"type":"binary-expr","locations":[{"start":{"line":13,"column":8},"end":{"line":13,"column":26}},{"start":{"line":13,"column":30},"end":{"line":13,"column":63}}],"line":13},"3":{"loc":{"start":{"line":35,"column":17},"end":{"line":35,"column":50}},"type":"binary-expr","locations":[{"start":{"line":35,"column":17},"end":{"line":35,"column":44}},{"start":{"line":35,"column":48},"end":{"line":35,"column":50}}],"line":35},"4":{"loc":{"start":{"line":36,"column":6},"end":{"line":43,"column":7}},"type":"if","locations":[{"start":{"line":36,"column":6},"end":{"line":43,"column":7}},{"start":{"line":41,"column":13},"end":{"line":43,"column":7}}],"line":36},"5":{"loc":{"start":{"line":38,"column":10},"end":{"line":38,"column":60}},"type":"if","locations":[{"start":{"line":38,"column":10},"end":{"line":38,"column":60}},{"start":{},"end":{}}],"line":38},"6":{"loc":{"start":{"line":52,"column":8},"end":{"line":52,"column":57}},"type":"if","locations":[{"start":{"line":52,"column":8},"end":{"line":52,"column":57}},{"start":{},"end":{}}],"line":52},"7":{"loc":{"start":{"line":58,"column":6},"end":{"line":60,"column":7}},"type":"if","locations":[{"start":{"line":58,"column":6},"end":{"line":60,"column":7}},{"start":{},"end":{}}],"line":58},"8":{"loc":{"start":{"line":63,"column":24},"end":{"line":63,"column":73}},"type":"cond-expr","locations":[{"start":{"line":63,"column":35},"end":{"line":63,"column":66}},{"start":{"line":63,"column":69},"end":{"line":63,"column":73}}],"line":63},"9":{"loc":{"start":{"line":67,"column":42},"end":{"line":67,"column":79}},"type":"binary-expr","locations":[{"start":{"line":67,"column":42},"end":{"line":67,"column":73}},{"start":{"line":67,"column":77},"end":{"line":67,"column":79}}],"line":67},"10":{"loc":{"start":{"line":99,"column":16},"end":{"line":99,"column":66}},"type":"cond-expr","locations":[{"start":{"line":99,"column":38},"end":{"line":99,"column":62}},{"start":{"line":99,"column":65},"end":{"line":99,"column":66}}],"line":99},"11":{"loc":{"start":{"line":103,"column":4},"end":{"line":105,"column":5}},"type":"if","locations":[{"start":{"line":103,"column":4},"end":{"line":105,"column":5}},{"start":{},"end":{}}],"line":103},"12":{"loc":{"start":{"line":114,"column":2},"end":{"line":116,"column":3}},"type":"if","locations":[{"start":{"line":114,"column":2},"end":{"line":116,"column":3}},{"start":{},"end":{}}],"line":114},"13":{"loc":{"start":{"line":114,"column":6},"end":{"line":114,"column":33}},"type":"binary-expr","locations":[{"start":{"line":114,"column":6},"end":{"line":114,"column":11}},{"start":{"line":114,"column":15},"end":{"line":114,"column":22}},{"start":{"line":114,"column":26},"end":{"line":114,"column":33}}],"line":114},"14":{"loc":{"start":{"line":124,"column":2},"end":{"line":135,"column":3}},"type":"if","locations":[{"start":{"line":124,"column":2},"end":{"line":135,"column":3}},{"start":{"line":133,"column":9},"end":{"line":135,"column":3}}],"line":124},"15":{"loc":{"start":{"line":125,"column":18},"end":{"line":125,"column":69}},"type":"cond-expr","locations":[{"start":{"line":125,"column":41},"end":{"line":125,"column":65}},{"start":{"line":125,"column":68},"end":{"line":125,"column":69}}],"line":125},"16":{"loc":{"start":{"line":130,"column":4},"end":{"line":130,"column":60}},"type":"if","locations":[{"start":{"line":130,"column":4},"end":{"line":130,"column":60}},{"start":{},"end":{}}],"line":130},"17":{"loc":{"start":{"line":140,"column":19},"end":{"line":140,"column":77}},"type":"cond-expr","locations":[{"start":{"line":140,"column":33},"end":{"line":140,"column":70}},{"start":{"line":140,"column":73},"end":{"line":140,"column":77}}],"line":140},"18":{"loc":{"start":{"line":147,"column":2},"end":{"line":147,"column":69}},"type":"if","locations":[{"start":{"line":147,"column":2},"end":{"line":147,"column":69}},{"start":{},"end":{}}],"line":147}},"s":{"0":1,"1":1,"2":1,"3":1,"4":1,"5":3,"6":0,"7":0,"8":0,"9":0,"10":0,"11":1,"12":0,"13":1,"14":0,"15":1,"16":0,"17":1,"18":2,"19":2,"20":2,"21":2,"22":0,"23":2,"24":0,"25":2,"26":2,"27":0,"28":2,"29":2,"30":2,"31":0,"32":2,"33":2,"34":2,"35":2,"36":2,"37":2,"38":2,"39":2,"40":0,"41":1,"42":0,"43":1,"44":0,"45":1,"46":0,"47":1,"48":0,"49":0,"50":0,"51":0,"52":0,"53":0,"54":0,"55":0,"56":0,"57":0,"58":1,"59":0,"60":0,"61":0,"62":0,"63":0,"64":0,"65":0,"66":0,"67":0,"68":0,"69":0,"70":0,"71":0,"72":0,"73":1,"74":0,"75":0,"76":0,"77":1,"78":0,"79":0,"80":0,"81":0,"82":0,"83":1},"f":{"0":3,"1":0,"2":0,"3":0,"4":0,"5":2,"6":2,"7":2,"8":2,"9":0,"10":0,"11":0,"12":0,"13":0,"14":0,"15":0},"b":{"0":[0,0],"1":[0,0],"2":[0,0],"3":[2,0],"4":[2,0],"5":[0,2],"6":[0,2],"7":[0,2],"8":[1,1],"9":[2,0],"10":[0,0],"11":[0,0],"12":[0,0],"13":[0,0,0],"14":[0,0],"15":[0,0],"16":[0,0],"17":[0,0],"18":[0,0]},"_coverageSchema":"1a1c01bbd47fc00a2c39e90264f33305004495a9","hash":"f063644a78b2ba22461899b270b78a0654d0d62e"}
}
