TN:
SF:dataStore.js
FN:6,createDb
FN:12,(anonymous_1)
FN:29,getAll
FN:30,(anonymous_3)
FN:31,(anonymous_4)
FN:34,(anonymous_5)
FN:52,addTeam
FN:53,(anonymous_7)
FN:59,(anonymous_8)
FN:65,updateProgress
FN:66,(anonymous_10)
FN:68,(anonymous_11)
FN:73,reloadInto
FN:74,(anonymous_13)
FNF:14
FNH:9
FNDA:1,createDb
FNDA:1,(anonymous_1)
FNDA:3,getAll
FNDA:3,(anonymous_3)
FNDA:3,(anonymous_4)
FNDA:1,(anonymous_5)
FNDA:2,addTeam
FNDA:2,(anonymous_7)
FNDA:2,(anonymous_8)
FNDA:0,updateProgress
FNDA:0,(anonymous_10)
FNDA:0,(anonymous_11)
FNDA:0,reloadInto
FNDA:0,(anonymous_13)
DA:2,1
DA:3,1
DA:7,1
DA:9,1
DA:12,1
DA:13,1
DA:30,3
DA:31,3
DA:32,3
DA:33,3
DA:34,3
DA:35,1
DA:46,3
DA:53,2
DA:54,2
DA:59,2
DA:66,0
DA:67,0
DA:68,0
DA:74,0
DA:75,0
DA:80,1
LF:22
LH:17
BRDA:6,0,0,0
BRDA:9,1,0,1
BRDA:9,1,1,0
BRDA:32,2,0,0
BRDA:32,2,1,3
BRDA:59,3,0,0
BRDA:59,3,1,2
BRDA:68,4,0,0
BRDA:68,4,1,0
BRF:9
BRH:3
end_of_record
TN:
SF:index.js
FN:32,(anonymous_0)
FN:48,(anonymous_1)
FN:55,(anonymous_2)
FN:64,(anonymous_3)
FN:73,(anonymous_4)
FN:78,(anonymous_5)
FN:79,(anonymous_6)
FN:82,(anonymous_7)
FN:90,(anonymous_8)
FN:96,(anonymous_9)
FN:103,(anonymous_10)
FN:105,(anonymous_11)
FN:110,(anonymous_12)
FN:114,(anonymous_13)
FNF:14
FNH:5
FNDA:1,(anonymous_0)
FNDA:7,(anonymous_1)
FNDA:1,(anonymous_2)
FNDA:1,(anonymous_3)
FNDA:7,(anonymous_4)
FNDA:0,(anonymous_5)
FNDA:0,(anonymous_6)
FNDA:0,(anonymous_7)
FNDA:0,(anonymous_8)
FNDA:0,(anonymous_9)
FNDA:0,(anonymous_10)
FNDA:0,(anonymous_11)
FNDA:0,(anonymous_12)
FNDA:0,(anonymous_13)
DA:2,1
DA:3,1
DA:4,1
DA:5,1
DA:6,1
DA:7,1
DA:8,1
DA:9,1
DA:14,1
DA:24,1
DA:26,1
DA:27,1
DA:28,1
DA:30,1
DA:32,1
DA:33,1
DA:34,1
DA:35,1
DA:38,1
DA:39,0
DA:42,1
DA:43,1
DA:44,1
DA:45,1
DA:46,1
DA:48,1
DA:49,7
DA:50,7
DA:53,1
DA:56,1
DA:57,1
DA:61,1
DA:65,1
DA:66,1
DA:67,0
DA:69,1
DA:73,1
DA:74,7
DA:75,7
DA:78,1
DA:79,0
DA:80,0
DA:83,0
DA:84,0
DA:90,1
DA:91,0
DA:92,0
DA:97,0
DA:98,0
DA:103,1
DA:104,0
DA:105,0
DA:106,0
DA:107,0
DA:110,0
DA:111,0
DA:112,0
DA:113,0
DA:114,0
DA:121,1
DA:122,1
DA:125,1
DA:126,1
DA:128,1
LF:64
LH:45
BRDA:16,0,0,1
BRDA:16,0,1,1
BRDA:38,1,0,0
BRDA:38,1,1,1
BRDA:49,2,0,5
BRDA:49,2,1,2
BRDA:66,3,0,0
BRDA:66,3,1,1
BRDA:83,4,0,0
BRDA:83,4,1,0
BRDA:97,5,0,0
BRDA:97,5,1,0
BRDA:106,6,0,0
BRDA:106,6,1,0
BRDA:107,7,0,0
BRDA:107,7,1,0
BRDA:111,8,0,0
BRDA:111,8,1,0
BRDA:113,9,0,0
BRDA:113,9,1,0
BRF:20
BRH:6
end_of_record
TN:
SF:routes/adminRoutes.js
FN:7,requireAdmin
FN:13,(anonymous_1)
FN:17,(anonymous_2)
FN:25,(anonymous_3)
FN:29,(anonymous_4)
FN:35,(anonymous_5)
FN:41,(anonymous_6)
FN:47,(anonymous_7)
FNF:8
FNH:4
FNDA:3,requireAdmin
FNDA:0,(anonymous_1)
FNDA:2,(anonymous_2)
FNDA:1,(anonymous_3)
FNDA:0,(anonymous_4)
FNDA:0,(anonymous_5)
FNDA:1,(anonymous_6)
FNDA:0,(anonymous_7)
DA:2,1
DA:3,1
DA:5,1
DA:8,3
DA:10,1
DA:13,1
DA:14,0
DA:17,1
DA:18,2
DA:19,2
DA:20,2
DA:22,0
DA:25,1
DA:26,1
DA:29,1
DA:30,0
DA:31,0
DA:32,0
DA:35,1
DA:36,0
DA:37,0
DA:38,0
DA:41,1
DA:42,1
DA:44,1
DA:47,1
DA:48,0
DA:51,1
LF:28
LH:19
BRDA:8,0,0,2
BRDA:8,0,1,1
BRDA:18,1,0,2
BRDA:18,1,1,0
BRDA:42,2,0,1
BRDA:42,2,1,0
BRF:6
BRH:4
end_of_record
TN:
SF:routes/gameRoutes.js
FN:9,requireProgress
FN:10,(anonymous_1)
FN:20,(anonymous_2)
FN:24,(anonymous_3)
FN:28,(anonymous_4)
FN:34,(anonymous_5)
FN:37,(anonymous_6)
FN:50,(anonymous_7)
FN:56,(anonymous_8)
FN:86,(anonymous_9)
FN:89,(anonymous_10)
FN:92,(anonymous_11)
FN:96,(anonymous_12)
FN:110,(anonymous_13)
FN:138,(anonymous_14)
FN:144,(anonymous_15)
FNF:16
FNH:5
FNDA:3,requireProgress
FNDA:0,(anonymous_1)
FNDA:0,(anonymous_2)
FNDA:0,(anonymous_3)
FNDA:0,(anonymous_4)
FNDA:2,(anonymous_5)
FNDA:2,(anonymous_6)
FNDA:2,(anonymous_7)
FNDA:2,(anonymous_8)
FNDA:0,(anonymous_9)
FNDA:0,(anonymous_10)
FNDA:0,(anonymous_11)
FNDA:0,(anonymous_12)
FNDA:0,(anonymous_13)
FNDA:0,(anonymous_14)
FNDA:0,(anonymous_15)
DA:2,1
DA:3,1
DA:4,1
DA:5,1
DA:7,1
DA:10,3
DA:11,0
DA:12,0
DA:13,0
DA:14,0
DA:16,0
DA:20,1
DA:21,0
DA:24,1
DA:25,0
DA:28,1
DA:29,0
DA:32,1
DA:35,2
DA:36,2
DA:37,2
DA:38,2
DA:39,2
DA:42,0
DA:51,2
DA:52,2
DA:53,2
DA:57,2
DA:58,2
DA:59,0
DA:62,2
DA:63,2
DA:64,2
DA:65,2
DA:67,2
DA:68,2
DA:78,2
DA:79,2
DA:81,0
DA:86,1
DA:87,0
DA:89,1
DA:90,0
DA:92,1
DA:93,0
DA:96,1
DA:97,0
DA:98,0
DA:99,0
DA:100,0
DA:101,0
DA:102,0
DA:103,0
DA:104,0
DA:106,0
DA:107,0
DA:110,1
DA:111,0
DA:112,0
DA:114,0
DA:115,0
DA:118,0
DA:124,0
DA:125,0
DA:126,0
DA:127,0
DA:129,0
DA:130,0
DA:132,0
DA:134,0
DA:138,1
DA:139,0
DA:140,0
DA:141,0
DA:144,1
DA:145,0
DA:146,0
DA:147,0
DA:148,0
DA:151,1
LF:80
LH:36
BRDA:12,0,0,0
BRDA:12,0,1,0
BRDA:13,1,0,0
BRDA:13,1,1,0
BRDA:13,2,0,0
BRDA:13,2,1,0
BRDA:35,3,0,2
BRDA:35,3,1,0
BRDA:36,4,0,2
BRDA:36,4,1,0
BRDA:38,5,0,0
BRDA:38,5,1,2
BRDA:52,6,0,0
BRDA:52,6,1,2
BRDA:58,7,0,0
BRDA:58,7,1,2
BRDA:63,8,0,1
BRDA:63,8,1,1
BRDA:67,9,0,2
BRDA:67,9,1,0
BRDA:99,10,0,0
BRDA:99,10,1,0
BRDA:103,11,0,0
BRDA:103,11,1,0
BRDA:114,12,0,0
BRDA:114,12,1,0
BRDA:114,13,0,0
BRDA:114,13,1,0
BRDA:114,13,2,0
BRDA:124,14,0,0
BRDA:124,14,1,0
BRDA:125,15,0,0
BRDA:125,15,1,0
BRDA:130,16,0,0
BRDA:130,16,1,0
BRDA:140,17,0,0
BRDA:140,17,1,0
BRDA:147,18,0,0
BRDA:147,18,1,0
BRF:39
BRH:8
end_of_record
